<?xml version="1.0" encoding="UTF-8"?>
<!-- Generated by org.testng.reporters.JUnitReportReporter -->
<testsuite skipped="0" hostname="MACPRO45.local" name="basePackage.BaseUtils" tests="4" failures="0" timestamp="01 Aug 2020 11:55:23 GMT" time="18.657" errors="0">
  <testcase name="getTitle3" time="5.174" classname="basePackage.BaseUtils"/>
  <testcase name="getTitle4" time="7.398" classname="basePackage.BaseUtils"/>
  <testcase name="getTitle1" time="2.283" classname="basePackage.BaseUtils"/>
  <testcase name="getTitle2" time="3.802" classname="basePackage.BaseUtils"/>
</testsuite> <!-- basePackage.BaseUtils -->
