<?xml version="1.0" encoding="UTF-8"?>
<!-- Generated by org.testng.reporters.JUnitReportReporter -->
<testsuite skipped="0" hostname="MACPRO45.local" name="testCases.HomePageTest" tests="1" failures="0" timestamp="30 Aug 2020 17:21:29 GMT" time="4.314" errors="0">
  <testcase name="verifySearchFieldDisplayed" time="4.314" classname="testCases.HomePageTest"/>
</testsuite> <!-- testCases.HomePageTest -->
